<?xml version="1.0" encoding="UTF-8"?>
<!-- Generated by org.testng.reporters.JUnitXMLReporter -->
<testsuite ignored="0" hostname="JananeVijay" failures="0" tests="7" name="Default test" time="2.479" errors="0" timestamp="2023-08-03T02:03:09 IST">
  <testcase classname="Phase3Project.Phase3_project" name="TC01_getallEmployee" time="1.838"/>
  <testcase classname="Phase3Project.Phase3_project" name="TC02_postEmployee" time="0.374"/>
  <testcase classname="Phase3Project.Phase3_project" name="TC03_updateEmployee" time="0.052"/>
  <testcase classname="Phase3Project.Phase3_project" name="TC04_getSingleEmployee" time="0.03"/>
  <testcase classname="Phase3Project.Phase3_project" name="TC05_deleteEmployee" time="0.019"/>
  <testcase classname="Phase3Project.Phase3_project" name="TC06_getSingleEmployee" time="0.045"/>
  <testcase classname="Phase3Project.Phase3_project" name="TC07_allgetEmployee" time="0.057"/>
</testsuite> <!-- Default test -->
