<?xml version="1.0" encoding="UTF-8"?>
<testng-results ignored="0" total="7" passed="7" failed="0" skipped="0">
  <reporter-output>
  </reporter-output>
  <suite started-at="2023-08-03T02:03:06 IST" name="Default suite" finished-at="2023-08-03T02:03:09 IST" duration-ms="2479">
    <groups>
    </groups>
    <test started-at="2023-08-03T02:03:06 IST" name="Default test" finished-at="2023-08-03T02:03:09 IST" duration-ms="2479">
      <class name="Phase3Project.Phase3_project">
        <test-method signature="TC01_getallEmployee()[pri:0, instance:Phase3Project.Phase3_project@27ff5d15]" started-at="2023-08-03T02:03:06 IST" name="TC01_getallEmployee" finished-at="2023-08-03T02:03:08 IST" duration-ms="1838" status="PASS">
          <reporter-output>
          </reporter-output>
        </test-method> <!-- TC01_getallEmployee -->
        <test-method signature="TC02_postEmployee()[pri:0, instance:Phase3Project.Phase3_project@27ff5d15]" started-at="2023-08-03T02:03:08 IST" name="TC02_postEmployee" finished-at="2023-08-03T02:03:08 IST" duration-ms="374" status="PASS">
          <reporter-output>
          </reporter-output>
        </test-method> <!-- TC02_postEmployee -->
        <test-method signature="TC03_updateEmployee()[pri:0, instance:Phase3Project.Phase3_project@27ff5d15]" started-at="2023-08-03T02:03:08 IST" name="TC03_updateEmployee" finished-at="2023-08-03T02:03:08 IST" duration-ms="52" status="PASS">
          <reporter-output>
          </reporter-output>
        </test-method> <!-- TC03_updateEmployee -->
        <test-method signature="TC04_getSingleEmployee()[pri:0, instance:Phase3Project.Phase3_project@27ff5d15]" started-at="2023-08-03T02:03:08 IST" name="TC04_getSingleEmployee" finished-at="2023-08-03T02:03:09 IST" duration-ms="30" status="PASS">
          <reporter-output>
          </reporter-output>
        </test-method> <!-- TC04_getSingleEmployee -->
        <test-method signature="TC05_deleteEmployee()[pri:0, instance:Phase3Project.Phase3_project@27ff5d15]" started-at="2023-08-03T02:03:09 IST" name="TC05_deleteEmployee" finished-at="2023-08-03T02:03:09 IST" duration-ms="19" status="PASS">
          <reporter-output>
          </reporter-output>
        </test-method> <!-- TC05_deleteEmployee -->
        <test-method signature="TC06_getSingleEmployee()[pri:0, instance:Phase3Project.Phase3_project@27ff5d15]" started-at="2023-08-03T02:03:09 IST" name="TC06_getSingleEmployee" finished-at="2023-08-03T02:03:09 IST" duration-ms="45" status="PASS">
          <reporter-output>
          </reporter-output>
        </test-method> <!-- TC06_getSingleEmployee -->
        <test-method signature="TC07_allgetEmployee()[pri:0, instance:Phase3Project.Phase3_project@27ff5d15]" started-at="2023-08-03T02:03:09 IST" name="TC07_allgetEmployee" finished-at="2023-08-03T02:03:09 IST" duration-ms="57" status="PASS">
          <reporter-output>
          </reporter-output>
        </test-method> <!-- TC07_allgetEmployee -->
      </class> <!-- Phase3Project.Phase3_project -->
    </test> <!-- Default test -->
  </suite> <!-- Default suite -->
</testng-results>
